# JRE version: OpenJDK Runtime Environment Corretto-11.0.12.7.1 (11.0.12+7) (build 11.0.12+7-LTS)
# Java VM: OpenJDK 64-Bit Server VM Corretto-11.0.12.7.1 (11.0.12+7-LTS, mixed mode, tiered, compressed oops, g1 gc, windows-amd64)
Heap:
 garbage-first heap   total 262144K, used 149154K [0x00000000e0000000, 0x0000000100000000)
  region size 1024K, 25 young (25600K), 9 survivors (9216K)
 Metaspace       used 98562K, capacity 101797K, committed 102220K, reserved 344064K
  class space    used 12243K, capacity 13311K, committed 13440K, reserved 253952K
GC Heap History (20 events):
Event: 61166.808 GC heap before
{Heap before GC invocations=34 (full 0):
 garbage-first heap   total 262144K, used 137964K [0x00000000e0000000, 0x0000000100000000)
  region size 1024K, 12 young (12288K), 9 survivors (9216K)
 Metaspace       used 93067K, capacity 96037K, committed 96972K, reserved 339968K
  class space    used 11602K, capacity 12614K, committed 12800K, reserved 253952K
}
Event: 61166.817 GC heap after
{Heap after GC invocations=35 (full 0):
 garbage-first heap   total 262144K, used 122693K [0x00000000e0000000, 0x0000000100000000)
  region size 1024K, 2 young (2048K), 2 survivors (2048K)
 Metaspace       used 93067K, capacity 96037K, committed 96972K, reserved 339968K
  class space    used 11602K, capacity 12614K, committed 12800K, reserved 253952K
}
Event: 61178.581 GC heap before
{Heap before GC invocations=35 (full 0):
 garbage-first heap   total 262144K, used 209733K [0x00000000e0000000, 0x0000000100000000)
  region size 1024K, 88 young (90112K), 2 survivors (2048K)
 Metaspace       used 95331K, capacity 98367K, committed 99020K, reserved 339968K
  class space    used 11894K, capacity 12924K, committed 13056K, reserved 253952K
}
Event: 61178.591 GC heap after
{Heap after GC invocations=36 (full 0):
 garbage-first heap   total 262144K, used 127562K [0x00000000e0000000, 0x0000000100000000)
  region size 1024K, 6 young (6144K), 6 survivors (6144K)
 Metaspace       used 95331K, capacity 98367K, committed 99020K, reserved 339968K
  class space    used 11894K, capacity 12924K, committed 13056K, reserved 253952K
}
Event: 61178.786 GC heap before
{Heap before GC invocations=37 (full 0):
 garbage-first heap   total 262144K, used 165450K [0x00000000e0000000, 0x0000000100000000)
  region size 1024K, 47 young (48128K), 6 survivors (6144K)
 Metaspace       used 95340K, capacity 98368K, committed 99020K, reserved 339968K
  class space    used 11894K, capacity 12924K, committed 13056K, reserved 253952K
}
Event: 61178.797 GC heap after
{Heap after GC invocations=38 (full 0):
 garbage-first heap   total 262144K, used 125554K [0x00000000e0000000, 0x0000000100000000)
  region size 1024K, 7 young (7168K), 7 survivors (7168K)
 Metaspace       used 95340K, capacity 98368K, committed 99020K, reserved 339968K
  class space    used 11894K, capacity 12924K, committed 13056K, reserved 253952K
}
Event: 61178.950 GC heap before
{Heap before GC invocations=39 (full 0):
 garbage-first heap   total 262144K, used 169586K [0x00000000e0000000, 0x0000000100000000)
  region size 1024K, 51 young (52224K), 7 survivors (7168K)
 Metaspace       used 95350K, capacity 98368K, committed 99020K, reserved 339968K
  class space    used 11894K, capacity 12924K, committed 13056K, reserved 253952K
}
Event: 61178.963 GC heap after
{Heap after GC invocations=40 (full 0):
 garbage-first heap   total 262144K, used 126998K [0x00000000e0000000, 0x0000000100000000)
  region size 1024K, 3 young (3072K), 3 survivors (3072K)
 Metaspace       used 95350K, capacity 98368K, committed 99020K, reserved 339968K
  class space    used 11894K, capacity 12924K, committed 13056K, reserved 253952K
}
Event: 61179.309 GC heap before
{Heap before GC invocations=41 (full 0):
 garbage-first heap   total 262144K, used 195606K [0x00000000e0000000, 0x0000000100000000)
  region size 1024K, 70 young (71680K), 3 survivors (3072K)
 Metaspace       used 95488K, capacity 98443K, committed 99020K, reserved 339968K
  class space    used 11896K, capacity 12925K, committed 13056K, reserved 253952K
}
Event: 61179.311 GC heap after
{Heap after GC invocations=42 (full 0):
 garbage-first heap   total 262144K, used 128869K [0x00000000e0000000, 0x0000000100000000)
  region size 1024K, 4 young (4096K), 4 survivors (4096K)
 Metaspace       used 95488K, capacity 98443K, committed 99020K, reserved 339968K
  class space    used 11896K, capacity 12925K, committed 13056K, reserved 253952K
}
Event: 61179.355 GC heap before
{Heap before GC invocations=42 (full 0):
 garbage-first heap   total 262144K, used 136037K [0x00000000e0000000, 0x0000000100000000)
  region size 1024K, 12 young (12288K), 4 survivors (4096K)
 Metaspace       used 95494K, capacity 98443K, committed 99020K, reserved 339968K
  class space    used 11896K, capacity 12925K, committed 13056K, reserved 253952K
}
Event: 61179.364 GC heap after
{Heap after GC invocations=43 (full 0):
 garbage-first heap   total 262144K, used 119519K [0x00000000e0000000, 0x0000000100000000)
  region size 1024K, 2 young (2048K), 2 survivors (2048K)
 Metaspace       used 95494K, capacity 98443K, committed 99020K, reserved 339968K
  class space    used 11896K, capacity 12925K, committed 13056K, reserved 253952K
}
Event: 62985.092 GC heap before
{Heap before GC invocations=43 (full 0):
 garbage-first heap   total 262144K, used 193247K [0x00000000e0000000, 0x0000000100000000)
  region size 1024K, 75 young (76800K), 2 survivors (2048K)
 Metaspace       used 96491K, capacity 99597K, committed 100172K, reserved 342016K
  class space    used 12008K, capacity 13062K, committed 13184K, reserved 253952K
}
Event: 62985.096 GC heap after
{Heap after GC invocations=44 (full 0):
 garbage-first heap   total 262144K, used 121400K [0x00000000e0000000, 0x0000000100000000)
  region size 1024K, 4 young (4096K), 4 survivors (4096K)
 Metaspace       used 96491K, capacity 99597K, committed 100172K, reserved 342016K
  class space    used 12008K, capacity 13062K, committed 13184K, reserved 253952K
}
Event: 62985.539 GC heap before
{Heap before GC invocations=44 (full 0):
 garbage-first heap   total 262144K, used 198200K [0x00000000e0000000, 0x0000000100000000)
  region size 1024K, 79 young (80896K), 4 survivors (4096K)
 Metaspace       used 96820K, capacity 100034K, committed 100428K, reserved 342016K
  class space    used 12041K, capacity 13097K, committed 13184K, reserved 253952K
}
Event: 62985.545 GC heap after
{Heap after GC invocations=45 (full 0):
 garbage-first heap   total 262144K, used 125730K [0x00000000e0000000, 0x0000000100000000)
  region size 1024K, 9 young (9216K), 9 survivors (9216K)
 Metaspace       used 96820K, capacity 100034K, committed 100428K, reserved 342016K
  class space    used 12041K, capacity 13097K, committed 13184K, reserved 253952K
}
Event: 62985.739 GC heap before
{Heap before GC invocations=45 (full 0):
 garbage-first heap   total 262144K, used 202530K [0x00000000e0000000, 0x0000000100000000)
  region size 1024K, 84 young (86016K), 9 survivors (9216K)
 Metaspace       used 96881K, capacity 100100K, committed 100428K, reserved 342016K
  class space    used 12046K, capacity 13097K, committed 13184K, reserved 253952K
}
Event: 62985.747 GC heap after
{Heap after GC invocations=46 (full 0):
 garbage-first heap   total 262144K, used 127497K [0x00000000e0000000, 0x0000000100000000)
  region size 1024K, 7 young (7168K), 7 survivors (7168K)
 Metaspace       used 96881K, capacity 100100K, committed 100428K, reserved 342016K
  class space    used 12046K, capacity 13097K, committed 13184K, reserved 253952K
}
Event: 63197.323 GC heap before
{Heap before GC invocations=46 (full 0):
 garbage-first heap   total 262144K, used 205321K [0x00000000e0000000, 0x0000000100000000)
  region size 1024K, 84 young (86016K), 7 survivors (7168K)
 Metaspace       used 98562K, capacity 101797K, committed 102220K, reserved 344064K
  class space    used 12243K, capacity 13311K, committed 13440K, reserved 253952K
}
Event: 63197.345 GC heap after
{Heap after GC invocations=47 (full 0):
 garbage-first heap   total 262144K, used 133794K [0x00000000e0000000, 0x0000000100000000)
  region size 1024K, 9 young (9216K), 9 survivors (9216K)
 Metaspace       used 98562K, capacity 101797K, committed 102220K, reserved 344064K
  class space    used 12243K, capacity 13311K, committed 13440K, reserved 253952K
}

